0 info it worked if it ends with ok
1 verbose cli [ 'C:\\Program Files\\nodejs\\node.exe',
1 verbose cli   'C:\\Program Files\\nodejs\\node_modules\\npm\\bin\\npm-cli.js',
1 verbose cli   'install',
1 verbose cli   'nodemon',
1 verbose cli   '-',
1 verbose cli   'g' ]
2 info using npm@3.10.10
3 info using node@v6.10.0
4 silly loadCurrentTree Starting
5 silly install loadCurrentTree
6 silly install readLocalPackageData
7 silly fetchPackageMetaData nodemon
8 silly fetchPackageMetaData -
9 silly fetchPackageMetaData g
10 silly fetchNamedPackageData nodemon
11 silly mapToRegistry name nodemon
12 silly mapToRegistry using default registry
13 silly mapToRegistry registry https://registry.npmjs.org/
14 silly mapToRegistry data Result {
14 silly mapToRegistry   raw: 'nodemon',
14 silly mapToRegistry   scope: null,
14 silly mapToRegistry   escapedName: 'nodemon',
14 silly mapToRegistry   name: 'nodemon',
14 silly mapToRegistry   rawSpec: '',
14 silly mapToRegistry   spec: 'latest',
14 silly mapToRegistry   type: 'tag' }
15 silly mapToRegistry uri https://registry.npmjs.org/nodemon
16 silly fetchOtherPackageData -
17 silly cache add args [ '-', null ]
18 verbose cache add spec -
19 silly fetchNamedPackageData g
20 silly mapToRegistry name g
21 silly mapToRegistry using default registry
22 silly mapToRegistry registry https://registry.npmjs.org/
23 silly mapToRegistry data Result {
23 silly mapToRegistry   raw: 'g',
23 silly mapToRegistry   scope: null,
23 silly mapToRegistry   escapedName: 'g',
23 silly mapToRegistry   name: 'g',
23 silly mapToRegistry   rawSpec: '',
23 silly mapToRegistry   spec: 'latest',
23 silly mapToRegistry   type: 'tag' }
24 silly mapToRegistry uri https://registry.npmjs.org/g
25 silly cache add parsed spec Result {
25 silly cache add   raw: '-',
25 silly cache add   scope: null,
25 silly cache add   escapedName: null,
25 silly cache add   name: null,
25 silly cache add   rawSpec: '-',
25 silly cache add   spec: 'D:\\Workspace\\lesson-16\\-',
25 silly cache add   type: 'local' }
26 error addLocal Could not install D:\Workspace\lesson-16\-
27 silly fetchPackageMetaData Error: ENOENT: no such file or directory, open 'D:\Workspace\lesson-16\-'
27 silly fetchPackageMetaData     at Error (native)
27 silly fetchPackageMetaData  error for - { Error: ENOENT: no such file or directory, open 'D:\Workspace\lesson-16\-'
27 silly fetchPackageMetaData     at Error (native)
27 silly fetchPackageMetaData   errno: -4058,
27 silly fetchPackageMetaData   code: 'ENOENT',
27 silly fetchPackageMetaData   syscall: 'open',
27 silly fetchPackageMetaData   path: 'D:\\Workspace\\lesson-16\\-' }
28 verbose request uri https://registry.npmjs.org/g
29 verbose request no auth needed
30 info attempt registry request try #1 at 21:49:04
31 verbose request id dd143eaf55aab3a4
32 http request GET https://registry.npmjs.org/g
33 verbose request uri https://registry.npmjs.org/nodemon
34 verbose request no auth needed
35 info attempt registry request try #1 at 21:49:04
36 verbose etag W/"58d53f95-30eb4"
37 verbose lastModified Fri, 24 Mar 2017 15:47:33 GMT
38 http request GET https://registry.npmjs.org/nodemon
39 http 200 https://registry.npmjs.org/g
40 verbose headers { server: 'nginx/1.10.1',
40 verbose headers   'content-type': 'application/json',
40 verbose headers   'last-modified': 'Sat, 14 May 2016 03:19:21 GMT',
40 verbose headers   etag: 'W/"57369939-205b"',
40 verbose headers   'content-encoding': 'gzip',
40 verbose headers   'cache-control': 'max-age=300',
40 verbose headers   'content-length': '1712',
40 verbose headers   'accept-ranges': 'bytes',
40 verbose headers   date: 'Thu, 30 Mar 2017 18:49:02 GMT',
40 verbose headers   via: '1.1 varnish',
40 verbose headers   age: '0',
40 verbose headers   connection: 'keep-alive',
40 verbose headers   'x-served-by': 'cache-hhn1536-HHN',
40 verbose headers   'x-cache': 'HIT',
40 verbose headers   'x-cache-hits': '1',
40 verbose headers   'x-timer': 'S1490899742.466629,VS0,VE1',
40 verbose headers   vary: 'Accept-Encoding' }
41 silly get cb [ 200,
41 silly get   { server: 'nginx/1.10.1',
41 silly get     'content-type': 'application/json',
41 silly get     'last-modified': 'Sat, 14 May 2016 03:19:21 GMT',
41 silly get     etag: 'W/"57369939-205b"',
41 silly get     'content-encoding': 'gzip',
41 silly get     'cache-control': 'max-age=300',
41 silly get     'content-length': '1712',
41 silly get     'accept-ranges': 'bytes',
41 silly get     date: 'Thu, 30 Mar 2017 18:49:02 GMT',
41 silly get     via: '1.1 varnish',
41 silly get     age: '0',
41 silly get     connection: 'keep-alive',
41 silly get     'x-served-by': 'cache-hhn1536-HHN',
41 silly get     'x-cache': 'HIT',
41 silly get     'x-cache-hits': '1',
41 silly get     'x-timer': 'S1490899742.466629,VS0,VE1',
41 silly get     vary: 'Accept-Encoding' } ]
42 verbose get saving g to C:\Users\User\AppData\Roaming\npm-cache\registry.npmjs.org\g\.cache.json
43 verbose correctMkdir C:\Users\User\AppData\Roaming\npm-cache correctMkdir not in flight; initializing
44 http 200 https://registry.npmjs.org/nodemon
45 verbose headers { server: 'nginx/1.10.1',
45 verbose headers   'content-type': 'application/json',
45 verbose headers   'last-modified': 'Thu, 30 Mar 2017 10:14:38 GMT',
45 verbose headers   etag: 'W/"58dcda8e-30edd"',
45 verbose headers   'content-encoding': 'gzip',
45 verbose headers   'cache-control': 'max-age=300',
45 verbose headers   'content-length': '20701',
45 verbose headers   'accept-ranges': 'bytes',
45 verbose headers   date: 'Thu, 30 Mar 2017 18:49:02 GMT',
45 verbose headers   via: '1.1 varnish',
45 verbose headers   age: '177',
45 verbose headers   connection: 'keep-alive',
45 verbose headers   'x-served-by': 'cache-hhn1520-HHN',
45 verbose headers   'x-cache': 'HIT',
45 verbose headers   'x-cache-hits': '3',
45 verbose headers   'x-timer': 'S1490899742.464675,VS0,VE0',
45 verbose headers   vary: 'Accept-Encoding' }
46 silly get cb [ 200,
46 silly get   { server: 'nginx/1.10.1',
46 silly get     'content-type': 'application/json',
46 silly get     'last-modified': 'Thu, 30 Mar 2017 10:14:38 GMT',
46 silly get     etag: 'W/"58dcda8e-30edd"',
46 silly get     'content-encoding': 'gzip',
46 silly get     'cache-control': 'max-age=300',
46 silly get     'content-length': '20701',
46 silly get     'accept-ranges': 'bytes',
46 silly get     date: 'Thu, 30 Mar 2017 18:49:02 GMT',
46 silly get     via: '1.1 varnish',
46 silly get     age: '177',
46 silly get     connection: 'keep-alive',
46 silly get     'x-served-by': 'cache-hhn1520-HHN',
46 silly get     'x-cache': 'HIT',
46 silly get     'x-cache-hits': '3',
46 silly get     'x-timer': 'S1490899742.464675,VS0,VE0',
46 silly get     vary: 'Accept-Encoding' } ]
47 verbose get saving nodemon to C:\Users\User\AppData\Roaming\npm-cache\registry.npmjs.org\nodemon\.cache.json
48 verbose correctMkdir C:\Users\User\AppData\Roaming\npm-cache correctMkdir not in flight; initializing
49 silly rollbackFailedOptional Starting
50 silly rollbackFailedOptional Finishing
51 silly runTopLevelLifecycles Finishing
52 silly install printInstalled
53 verbose stack Error: ENOENT: no such file or directory, open 'D:\Workspace\lesson-16\-'
53 verbose stack     at Error (native)
54 verbose cwd D:\Workspace\lesson-16
55 error Windows_NT 6.1.7601
56 error argv "C:\\Program Files\\nodejs\\node.exe" "C:\\Program Files\\nodejs\\node_modules\\npm\\bin\\npm-cli.js" "install" "nodemon" "-" "g"
57 error node v6.10.0
58 error npm  v3.10.10
59 error path D:\Workspace\lesson-16\-
60 error code ENOENT
61 error errno -4058
62 error syscall open
63 error enoent ENOENT: no such file or directory, open 'D:\Workspace\lesson-16\-'
64 error enoent ENOENT: no such file or directory, open 'D:\Workspace\lesson-16\-'
64 error enoent This is most likely not a problem with npm itself
64 error enoent and is related to npm not being able to find a file.
65 verbose exit [ -4058, true ]
